<?xml version="1.0" encoding="UTF-8"?>
<testng-results ignored="0" total="1" passed="1" failed="0" skipped="0">
  <reporter-output>
  </reporter-output>
  <suite started-at="2024-01-27T19:58:13 IST" name="Default suite" finished-at="2024-01-27T19:58:35 IST" duration-ms="22175">
    <groups>
    </groups>
    <test started-at="2024-01-27T19:58:13 IST" name="Default test" finished-at="2024-01-27T19:58:35 IST" duration-ms="22175">
      <class name="TestNgAutomationAnywhereDemoTest">
        <test-method is-config="true" signature="setUp()[pri:0, instance:TestNgAutomationAnywhereDemoTest@75d3a5e0]" started-at="2024-01-27T19:58:13 IST" name="setUp" finished-at="2024-01-27T19:58:15 IST" duration-ms="1989" status="PASS">
          <reporter-output>
          </reporter-output>
        </test-method> <!-- setUp -->
        <test-method signature="verifyRequestDemoButton()[pri:0, instance:TestNgAutomationAnywhereDemoTest@75d3a5e0]" started-at="2024-01-27T19:58:15 IST" name="verifyRequestDemoButton" finished-at="2024-01-27T19:58:35 IST" duration-ms="19787" status="PASS">
          <reporter-output>
          </reporter-output>
        </test-method> <!-- verifyRequestDemoButton -->
        <test-method is-config="true" signature="tearDown()[pri:0, instance:TestNgAutomationAnywhereDemoTest@75d3a5e0]" started-at="2024-01-27T19:58:35 IST" name="tearDown" finished-at="2024-01-27T19:58:35 IST" duration-ms="340" status="PASS">
          <reporter-output>
          </reporter-output>
        </test-method> <!-- tearDown -->
      </class> <!-- TestNgAutomationAnywhereDemoTest -->
    </test> <!-- Default test -->
  </suite> <!-- Default suite -->
</testng-results>
