<?xml version="1.0" encoding="UTF-8"?>
<testng-results ignored="0" total="1" passed="1" failed="0" skipped="0">
  <reporter-output>
  </reporter-output>
  <suite started-at="2024-01-27T18:33:09 IST" name="Default suite" finished-at="2024-01-27T18:33:28 IST" duration-ms="18877">
    <groups>
    </groups>
    <test started-at="2024-01-27T18:33:09 IST" name="Default test" finished-at="2024-01-27T18:33:28 IST" duration-ms="18877">
      <class name="com.pd.programs.testNGAutomationAnywhereTest">
        <test-method is-config="true" signature="setUp()[pri:0, instance:com.pd.programs.testNGAutomationAnywhereTest@47e2e487]" started-at="2024-01-27T18:33:09 IST" name="setUp" finished-at="2024-01-27T18:33:12 IST" duration-ms="2915" status="PASS">
          <reporter-output>
          </reporter-output>
        </test-method> <!-- setUp -->
        <test-method signature="testProcessDiscoveryNavigation()[pri:0, instance:com.pd.programs.testNGAutomationAnywhereTest@47e2e487]" started-at="2024-01-27T18:33:12 IST" name="testProcessDiscoveryNavigation" finished-at="2024-01-27T18:33:28 IST" duration-ms="15583" status="PASS">
          <reporter-output>
          </reporter-output>
        </test-method> <!-- testProcessDiscoveryNavigation -->
        <test-method is-config="true" signature="tearDown()[pri:0, instance:com.pd.programs.testNGAutomationAnywhereTest@47e2e487]" started-at="2024-01-27T18:33:28 IST" name="tearDown" finished-at="2024-01-27T18:33:28 IST" duration-ms="330" status="PASS">
          <reporter-output>
          </reporter-output>
        </test-method> <!-- tearDown -->
      </class> <!-- com.pd.programs.testNGAutomationAnywhereTest -->
    </test> <!-- Default test -->
  </suite> <!-- Default suite -->
</testng-results>
